2024-11-18 10:25:02 - 

===================== Progress Check-In =====================
2024-11-18 10:25:02 - Subject: Task 'food prep' In Progress - Status Update Required
2024-11-18 10:25:02 - ------------------------------------------------------------
2024-11-18 10:25:02 - Dear Team,
2024-11-18 10:25:02 - 
2024-11-18 10:25:02 - We noticed that the task 'food prep' is currently in progress.
2024-11-18 10:25:02 - Task Details:
2024-11-18 10:25:02 -   - Description: 'prepare menu for sweety wedding non veg'
2024-11-18 10:25:02 -   - Assigned Date: '2024-11-14'
2024-11-18 10:25:02 -   - Due Date: '2024-11-20'
2024-11-18 10:25:02 -   - Current Status: 'Pending'
2024-11-18 10:25:02 -   - Total Hours : 'None'
2024-11-18 10:25:02 -   - Pending Hours: 'None'
2024-11-18 10:25:02 -   - Completed Hours: 'None'
2024-11-18 10:25:02 - 
2024-11-18 10:25:02 - Please update the status of this task at your earliest convenience.
2024-11-18 10:25:02 - ------------------------------------------------------------
2024-11-18 10:25:02 - End of Check-In Reminder
2024-11-18 10:25:02 - ============================================================


2024-11-18 10:25:02 - 

======================= Raw Task Data =======================
2024-11-18 10:25:02 - Task(1,1,1,food prep,prepare menu for sweety wedding non veg,2024-11-14,2024-11-20,Pending,None,None,None,None)
2024-11-18 10:25:02 - ============================================================


2024-11-18 10:25:02 - 

===================== Progress Check-In =====================
2024-11-18 10:25:02 - Subject: Task 'music prep' In Progress - Status Update Required
2024-11-18 10:25:02 - ------------------------------------------------------------
2024-11-18 10:25:02 - Dear Team,
2024-11-18 10:25:02 - 
2024-11-18 10:25:02 - We noticed that the task 'music prep' is currently in progress.
2024-11-18 10:25:02 - Task Details:
2024-11-18 10:25:02 -   - Description: 'prepare playlist for Cherry wedding'
2024-11-18 10:25:02 -   - Assigned Date: '2024-11-14'
2024-11-18 10:25:02 -   - Due Date: '2024-11-20'
2024-11-18 10:25:02 -   - Current Status: 'Pending'
2024-11-18 10:25:02 -   - Total Hours : 'None'
2024-11-18 10:25:02 -   - Pending Hours: 'None'
2024-11-18 10:25:02 -   - Completed Hours: 'None'
2024-11-18 10:25:02 - 
2024-11-18 10:25:02 - Please update the status of this task at your earliest convenience.
2024-11-18 10:25:02 - ------------------------------------------------------------
2024-11-18 10:25:02 - End of Check-In Reminder
2024-11-18 10:25:02 - ============================================================


2024-11-18 10:25:02 - 

======================= Raw Task Data =======================
2024-11-18 10:25:02 - Task(2,2,1,music prep,prepare playlist for Cherry wedding,2024-11-14,2024-11-20,Pending,None,None,None,None)
2024-11-18 10:25:02 - ============================================================


2024-11-18 10:25:02 - 

===================== Progress Check-In =====================
2024-11-18 10:25:02 - Subject: Task 'Decoration prep' In Progress - Status Update Required
2024-11-18 10:25:02 - ------------------------------------------------------------
2024-11-18 10:25:02 - Dear Team,
2024-11-18 10:25:02 - 
2024-11-18 10:25:02 - We noticed that the task 'Decoration prep' is currently in progress.
2024-11-18 10:25:02 - Task Details:
2024-11-18 10:25:02 -   - Description: 'design for Cherry wedding'
2024-11-18 10:25:02 -   - Assigned Date: '2024-11-14'
2024-11-18 10:25:02 -   - Due Date: '2024-11-20'
2024-11-18 10:25:02 -   - Current Status: 'Pending'
2024-11-18 10:25:02 -   - Total Hours : 'None'
2024-11-18 10:25:02 -   - Pending Hours: 'None'
2024-11-18 10:25:02 -   - Completed Hours: 'None'
2024-11-18 10:25:02 - 
2024-11-18 10:25:02 - Please update the status of this task at your earliest convenience.
2024-11-18 10:25:02 - ------------------------------------------------------------
2024-11-18 10:25:02 - End of Check-In Reminder
2024-11-18 10:25:02 - ============================================================


2024-11-18 10:25:02 - 

======================= Raw Task Data =======================
2024-11-18 10:25:02 - Task(3,2,1,Decoration prep,design for Cherry wedding,2024-11-14,2024-11-20,Pending,None,None,None,None)
2024-11-18 10:25:02 - ============================================================


2024-11-18 10:25:02 - 

===================== Progress Check-In =====================
2024-11-18 10:25:02 - Subject: Task 'Decoration prep' In Progress - Status Update Required
2024-11-18 10:25:02 - ------------------------------------------------------------
2024-11-18 10:25:02 - Dear Team,
2024-11-18 10:25:02 - 
2024-11-18 10:25:02 - We noticed that the task 'Decoration prep' is currently in progress.
2024-11-18 10:25:02 - Task Details:
2024-11-18 10:25:02 -   - Description: 'design for Cherry wedding'
2024-11-18 10:25:02 -   - Assigned Date: '2024-11-14'
2024-11-18 10:25:02 -   - Due Date: '2024-11-20'
2024-11-18 10:25:02 -   - Current Status: 'Pending'
2024-11-18 10:25:02 -   - Total Hours : 'None'
2024-11-18 10:25:02 -   - Pending Hours: 'None'
2024-11-18 10:25:02 -   - Completed Hours: 'None'
2024-11-18 10:25:02 - 
2024-11-18 10:25:02 - Please update the status of this task at your earliest convenience.
2024-11-18 10:25:02 - ------------------------------------------------------------
2024-11-18 10:25:02 - End of Check-In Reminder
2024-11-18 10:25:02 - ============================================================


2024-11-18 10:25:02 - 

======================= Raw Task Data =======================
2024-11-18 10:25:02 - Task(4,2,1,Decoration prep,design for Cherry wedding,2024-11-14,2024-11-20,Pending,None,None,None,None)
2024-11-18 10:25:02 - ============================================================


2024-11-18 10:25:02 - 

===================== Progress Check-In =====================
2024-11-18 10:25:02 - Subject: Task 'Decoration prep' In Progress - Status Update Required
2024-11-18 10:25:02 - ------------------------------------------------------------
2024-11-18 10:25:02 - Dear Team,
2024-11-18 10:25:02 - 
2024-11-18 10:25:02 - We noticed that the task 'Decoration prep' is currently in progress.
2024-11-18 10:25:02 - Task Details:
2024-11-18 10:25:02 -   - Description: 'design for Cherry wedding'
2024-11-18 10:25:02 -   - Assigned Date: '2024-11-14'
2024-11-18 10:25:02 -   - Due Date: '2024-11-20'
2024-11-18 10:25:02 -   - Current Status: 'Pending'
2024-11-18 10:25:02 -   - Total Hours : 'None'
2024-11-18 10:25:02 -   - Pending Hours: 'None'
2024-11-18 10:25:02 -   - Completed Hours: 'None'
2024-11-18 10:25:02 - 
2024-11-18 10:25:02 - Please update the status of this task at your earliest convenience.
2024-11-18 10:25:02 - ------------------------------------------------------------
2024-11-18 10:25:02 - End of Check-In Reminder
2024-11-18 10:25:02 - ============================================================


2024-11-18 10:25:02 - 

======================= Raw Task Data =======================
2024-11-18 10:25:02 - Task(5,2,1,Decoration prep,design for Cherry wedding,2024-11-14,2024-11-20,Pending,None,None,None,None)
2024-11-18 10:25:02 - ============================================================


2024-11-18 10:25:02 - 

===================== Progress Check-In =====================
2024-11-18 10:25:02 - Subject: Task 'Decoration prep' In Progress - Status Update Required
2024-11-18 10:25:02 - ------------------------------------------------------------
2024-11-18 10:25:02 - Dear Team,
2024-11-18 10:25:02 - 
2024-11-18 10:25:02 - We noticed that the task 'Decoration prep' is currently in progress.
2024-11-18 10:25:02 - Task Details:
2024-11-18 10:25:02 -   - Description: 'design for Cherry wedding'
2024-11-18 10:25:02 -   - Assigned Date: '2024-11-14'
2024-11-18 10:25:02 -   - Due Date: '2024-11-20'
2024-11-18 10:25:02 -   - Current Status: 'Pending'
2024-11-18 10:25:02 -   - Total Hours : 'None'
2024-11-18 10:25:02 -   - Pending Hours: 'None'
2024-11-18 10:25:02 -   - Completed Hours: 'None'
2024-11-18 10:25:02 - 
2024-11-18 10:25:02 - Please update the status of this task at your earliest convenience.
2024-11-18 10:25:02 - ------------------------------------------------------------
2024-11-18 10:25:02 - End of Check-In Reminder
2024-11-18 10:25:02 - ============================================================


2024-11-18 10:25:02 - 

======================= Raw Task Data =======================
2024-11-18 10:25:02 - Task(6,2,1,Decoration prep,design for Cherry wedding,2024-11-14,2024-11-20,Pending,None,None,None,None)
2024-11-18 10:25:02 - ============================================================


2024-11-18 10:25:02 - 

===================== Progress Check-In =====================
2024-11-18 10:25:02 - Subject: Task 'Decoration prep' In Progress - Status Update Required
2024-11-18 10:25:02 - ------------------------------------------------------------
2024-11-18 10:25:02 - Dear Team,
2024-11-18 10:25:02 - 
2024-11-18 10:25:02 - We noticed that the task 'Decoration prep' is currently in progress.
2024-11-18 10:25:02 - Task Details:
2024-11-18 10:25:02 -   - Description: 'design for Cherry wedding'
2024-11-18 10:25:02 -   - Assigned Date: '2024-11-14'
2024-11-18 10:25:02 -   - Due Date: '2024-11-20'
2024-11-18 10:25:02 -   - Current Status: 'Pending'
2024-11-18 10:25:02 -   - Total Hours : 'None'
2024-11-18 10:25:02 -   - Pending Hours: 'None'
2024-11-18 10:25:02 -   - Completed Hours: 'None'
2024-11-18 10:25:02 - 
2024-11-18 10:25:02 - Please update the status of this task at your earliest convenience.
2024-11-18 10:25:02 - ------------------------------------------------------------
2024-11-18 10:25:02 - End of Check-In Reminder
2024-11-18 10:25:02 - ============================================================


2024-11-18 10:25:02 - 

======================= Raw Task Data =======================
2024-11-18 10:25:02 - Task(7,2,1,Decoration prep,design for Cherry wedding,2024-11-14,2024-11-20,Pending,None,None,None,None)
2024-11-18 10:25:02 - ============================================================


2024-11-18 10:25:02 - 

===================== Progress Check-In =====================
2024-11-18 10:25:02 - Subject: Task 'Decoration prep' In Progress - Status Update Required
2024-11-18 10:25:02 - ------------------------------------------------------------
2024-11-18 10:25:02 - Dear Team,
2024-11-18 10:25:02 - 
2024-11-18 10:25:02 - We noticed that the task 'Decoration prep' is currently in progress.
2024-11-18 10:25:02 - Task Details:
2024-11-18 10:25:02 -   - Description: 'design for Cherry wedding'
2024-11-18 10:25:02 -   - Assigned Date: '2024-11-14'
2024-11-18 10:25:02 -   - Due Date: '2024-11-20'
2024-11-18 10:25:02 -   - Current Status: 'Pending'
2024-11-18 10:25:02 -   - Total Hours : 'None'
2024-11-18 10:25:02 -   - Pending Hours: 'None'
2024-11-18 10:25:02 -   - Completed Hours: 'None'
2024-11-18 10:25:02 - 
2024-11-18 10:25:02 - Please update the status of this task at your earliest convenience.
2024-11-18 10:25:02 - ------------------------------------------------------------
2024-11-18 10:25:02 - End of Check-In Reminder
2024-11-18 10:25:02 - ============================================================


2024-11-18 10:25:02 - 

======================= Raw Task Data =======================
2024-11-18 10:25:02 - Task(8,2,1,Decoration prep,design for Cherry wedding,2024-11-14,2024-11-20,Pending,None,None,None,None)
2024-11-18 10:25:02 - ============================================================


2024-11-18 10:25:02 - 

===================== Progress Check-In =====================
2024-11-18 10:25:02 - Subject: Task 'Decoration prep' In Progress - Status Update Required
2024-11-18 10:25:02 - ------------------------------------------------------------
2024-11-18 10:25:02 - Dear Team,
2024-11-18 10:25:02 - 
2024-11-18 10:25:02 - We noticed that the task 'Decoration prep' is currently in progress.
2024-11-18 10:25:02 - Task Details:
2024-11-18 10:25:02 -   - Description: 'design for Cherry wedding'
2024-11-18 10:25:02 -   - Assigned Date: '2024-11-14'
2024-11-18 10:25:02 -   - Due Date: '2024-11-20'
2024-11-18 10:25:02 -   - Current Status: 'Pending'
2024-11-18 10:25:02 -   - Total Hours : 'None'
2024-11-18 10:25:02 -   - Pending Hours: 'None'
2024-11-18 10:25:02 -   - Completed Hours: 'None'
2024-11-18 10:25:02 - 
2024-11-18 10:25:02 - Please update the status of this task at your earliest convenience.
2024-11-18 10:25:02 - ------------------------------------------------------------
2024-11-18 10:25:02 - End of Check-In Reminder
2024-11-18 10:25:02 - ============================================================


2024-11-18 10:25:02 - 

======================= Raw Task Data =======================
2024-11-18 10:25:02 - Task(9,2,1,Decoration prep,design for Cherry wedding,2024-11-14,2024-11-20,Pending,None,None,None,None)
2024-11-18 10:25:02 - ============================================================


2024-11-18 10:25:02 - 

===================== Progress Check-In =====================
2024-11-18 10:25:02 - Subject: Task 'Decoration prep' In Progress - Status Update Required
2024-11-18 10:25:02 - ------------------------------------------------------------
2024-11-18 10:25:02 - Dear Team,
2024-11-18 10:25:02 - 
2024-11-18 10:25:02 - We noticed that the task 'Decoration prep' is currently in progress.
2024-11-18 10:25:02 - Task Details:
2024-11-18 10:25:02 -   - Description: 'design for Cherry wedding'
2024-11-18 10:25:02 -   - Assigned Date: '2024-11-14'
2024-11-18 10:25:02 -   - Due Date: '2024-11-16'
2024-11-18 10:25:02 -   - Current Status: 'Pending'
2024-11-18 10:25:02 -   - Total Hours : 'None'
2024-11-18 10:25:02 -   - Pending Hours: 'None'
2024-11-18 10:25:02 -   - Completed Hours: 'None'
2024-11-18 10:25:02 - 
2024-11-18 10:25:02 - Please update the status of this task at your earliest convenience.
2024-11-18 10:25:02 - ------------------------------------------------------------
2024-11-18 10:25:02 - End of Check-In Reminder
2024-11-18 10:25:02 - ============================================================


2024-11-18 10:25:02 - 

======================= Raw Task Data =======================
2024-11-18 10:25:02 - Task(10,2,1,Decoration prep,design for Cherry wedding,2024-11-14,2024-11-16,Pending,None,None,None,None)
2024-11-18 10:25:02 - ============================================================


2024-11-18 10:25:02 - 

===================== Progress Check-In =====================
2024-11-18 10:25:02 - Subject: Task 'Decoration prep' In Progress - Status Update Required
2024-11-18 10:25:02 - ------------------------------------------------------------
2024-11-18 10:25:02 - Dear Team,
2024-11-18 10:25:02 - 
2024-11-18 10:25:02 - We noticed that the task 'Decoration prep' is currently in progress.
2024-11-18 10:25:02 - Task Details:
2024-11-18 10:25:02 -   - Description: 'design for Cherry wedding'
2024-11-18 10:25:02 -   - Assigned Date: '2024-11-14'
2024-11-18 10:25:02 -   - Due Date: '2024-11-16'
2024-11-18 10:25:02 -   - Current Status: 'Pending'
2024-11-18 10:25:02 -   - Total Hours : 'None'
2024-11-18 10:25:02 -   - Pending Hours: 'None'
2024-11-18 10:25:02 -   - Completed Hours: 'None'
2024-11-18 10:25:02 - 
2024-11-18 10:25:02 - Please update the status of this task at your earliest convenience.
2024-11-18 10:25:02 - ------------------------------------------------------------
2024-11-18 10:25:02 - End of Check-In Reminder
2024-11-18 10:25:02 - ============================================================


2024-11-18 10:25:02 - 

======================= Raw Task Data =======================
2024-11-18 10:25:02 - Task(11,2,1,Decoration prep,design for Cherry wedding,2024-11-14,2024-11-16,Pending,None,None,None,None)
2024-11-18 10:25:02 - ============================================================


2024-11-18 10:25:02 - 

===================== Progress Check-In =====================
2024-11-18 10:25:02 - Subject: Task 'Decoration prep' In Progress - Status Update Required
2024-11-18 10:25:02 - ------------------------------------------------------------
2024-11-18 10:25:02 - Dear Team,
2024-11-18 10:25:02 - 
2024-11-18 10:25:02 - We noticed that the task 'Decoration prep' is currently in progress.
2024-11-18 10:25:02 - Task Details:
2024-11-18 10:25:02 -   - Description: 'design for Cherry wedding'
2024-11-18 10:25:02 -   - Assigned Date: '2024-11-14'
2024-11-18 10:25:02 -   - Due Date: '2024-11-16'
2024-11-18 10:25:02 -   - Current Status: 'Pending'
2024-11-18 10:25:02 -   - Total Hours : 'None'
2024-11-18 10:25:02 -   - Pending Hours: 'None'
2024-11-18 10:25:02 -   - Completed Hours: 'None'
2024-11-18 10:25:02 - 
2024-11-18 10:25:02 - Please update the status of this task at your earliest convenience.
2024-11-18 10:25:02 - ------------------------------------------------------------
2024-11-18 10:25:02 - End of Check-In Reminder
2024-11-18 10:25:02 - ============================================================


2024-11-18 10:25:02 - 

======================= Raw Task Data =======================
2024-11-18 10:25:02 - Task(12,2,1,Decoration prep,design for Cherry wedding,2024-11-14,2024-11-16,Pending,None,None,None,None)
2024-11-18 10:25:02 - ============================================================


2024-11-18 10:25:02 - 

===================== Progress Check-In =====================
2024-11-18 10:25:02 - Subject: Task 'Decoration prep' In Progress - Status Update Required
2024-11-18 10:25:02 - ------------------------------------------------------------
2024-11-18 10:25:02 - Dear Team,
2024-11-18 10:25:02 - 
2024-11-18 10:25:02 - We noticed that the task 'Decoration prep' is currently in progress.
2024-11-18 10:25:02 - Task Details:
2024-11-18 10:25:02 -   - Description: 'design for Cherry wedding'
2024-11-18 10:25:02 -   - Assigned Date: '2024-11-14'
2024-11-18 10:25:02 -   - Due Date: '2024-11-16'
2024-11-18 10:25:02 -   - Current Status: 'Pending'
2024-11-18 10:25:02 -   - Total Hours : 'None'
2024-11-18 10:25:02 -   - Pending Hours: 'None'
2024-11-18 10:25:02 -   - Completed Hours: 'None'
2024-11-18 10:25:02 - 
2024-11-18 10:25:02 - Please update the status of this task at your earliest convenience.
2024-11-18 10:25:02 - ------------------------------------------------------------
2024-11-18 10:25:02 - End of Check-In Reminder
2024-11-18 10:25:02 - ============================================================


2024-11-18 10:25:02 - 

======================= Raw Task Data =======================
2024-11-18 10:25:02 - Task(13,2,1,Decoration prep,design for Cherry wedding,2024-11-14,2024-11-16,Pending,None,None,None,None)
2024-11-18 10:25:02 - ============================================================


2024-11-18 10:25:02 - 

===================== Progress Check-In =====================
2024-11-18 10:25:02 - Subject: Task 'Decoration prep' In Progress - Status Update Required
2024-11-18 10:25:02 - ------------------------------------------------------------
2024-11-18 10:25:02 - Dear Team,
2024-11-18 10:25:02 - 
2024-11-18 10:25:02 - We noticed that the task 'Decoration prep' is currently in progress.
2024-11-18 10:25:02 - Task Details:
2024-11-18 10:25:02 -   - Description: 'design for Cherry wedding'
2024-11-18 10:25:02 -   - Assigned Date: '2024-11-14'
2024-11-18 10:25:02 -   - Due Date: '2024-11-16'
2024-11-18 10:25:02 -   - Current Status: 'Pending'
2024-11-18 10:25:02 -   - Total Hours : 'None'
2024-11-18 10:25:02 -   - Pending Hours: 'None'
2024-11-18 10:25:02 -   - Completed Hours: 'None'
2024-11-18 10:25:02 - 
2024-11-18 10:25:02 - Please update the status of this task at your earliest convenience.
2024-11-18 10:25:02 - ------------------------------------------------------------
2024-11-18 10:25:02 - End of Check-In Reminder
2024-11-18 10:25:02 - ============================================================


2024-11-18 10:25:02 - 

======================= Raw Task Data =======================
2024-11-18 10:25:02 - Task(14,2,1,Decoration prep,design for Cherry wedding,2024-11-14,2024-11-16,Pending,None,None,None,None)
2024-11-18 10:25:02 - ============================================================


2024-11-18 10:25:02 - 

===================== Progress Check-In =====================
2024-11-18 10:25:02 - Subject: Task 'Decoration prep' In Progress - Status Update Required
2024-11-18 10:25:02 - ------------------------------------------------------------
2024-11-18 10:25:02 - Dear Team,
2024-11-18 10:25:02 - 
2024-11-18 10:25:02 - We noticed that the task 'Decoration prep' is currently in progress.
2024-11-18 10:25:02 - Task Details:
2024-11-18 10:25:02 -   - Description: 'design for Cherry wedding'
2024-11-18 10:25:02 -   - Assigned Date: '2024-11-14'
2024-11-18 10:25:02 -   - Due Date: '2024-11-16'
2024-11-18 10:25:02 -   - Current Status: 'Pending'
2024-11-18 10:25:02 -   - Total Hours : 'None'
2024-11-18 10:25:02 -   - Pending Hours: 'None'
2024-11-18 10:25:02 -   - Completed Hours: 'None'
2024-11-18 10:25:02 - 
2024-11-18 10:25:02 - Please update the status of this task at your earliest convenience.
2024-11-18 10:25:02 - ------------------------------------------------------------
2024-11-18 10:25:02 - End of Check-In Reminder
2024-11-18 10:25:02 - ============================================================


2024-11-18 10:25:02 - 

======================= Raw Task Data =======================
2024-11-18 10:25:02 - Task(15,2,1,Decoration prep,design for Cherry wedding,2024-11-14,2024-11-16,Pending,None,None,None,None)
2024-11-18 10:25:02 - ============================================================


2024-11-18 10:25:02 - 

===================== Progress Check-In =====================
2024-11-18 10:25:02 - Subject: Task 'Decoration prep' In Progress - Status Update Required
2024-11-18 10:25:02 - ------------------------------------------------------------
2024-11-18 10:25:02 - Dear Team,
2024-11-18 10:25:02 - 
2024-11-18 10:25:02 - We noticed that the task 'Decoration prep' is currently in progress.
2024-11-18 10:25:02 - Task Details:
2024-11-18 10:25:02 -   - Description: 'design for cutie wedding'
2024-11-18 10:25:02 -   - Assigned Date: '2024-11-14'
2024-11-18 10:25:02 -   - Due Date: '2024-11-15'
2024-11-18 10:25:02 -   - Current Status: 'Pending'
2024-11-18 10:25:02 -   - Total Hours : 'None'
2024-11-18 10:25:02 -   - Pending Hours: 'None'
2024-11-18 10:25:02 -   - Completed Hours: 'None'
2024-11-18 10:25:02 - 
2024-11-18 10:25:02 - Please update the status of this task at your earliest convenience.
2024-11-18 10:25:02 - ------------------------------------------------------------
2024-11-18 10:25:02 - End of Check-In Reminder
2024-11-18 10:25:02 - ============================================================


2024-11-18 10:25:02 - 

======================= Raw Task Data =======================
2024-11-18 10:25:02 - Task(18,4,1,Decoration prep,design for cutie wedding,2024-11-14,2024-11-15,Pending,None,None,None,None)
2024-11-18 10:25:02 - ============================================================


2024-11-18 10:25:02 - 

===================== Progress Check-In =====================
2024-11-18 10:25:02 - Subject: Task 'food prep' In Progress - Status Update Required
2024-11-18 10:25:02 - ------------------------------------------------------------
2024-11-18 10:25:02 - Dear Team,
2024-11-18 10:25:02 - 
2024-11-18 10:25:02 - We noticed that the task 'food prep' is currently in progress.
2024-11-18 10:25:02 - Task Details:
2024-11-18 10:25:02 -   - Description: 'design for cutie wedding'
2024-11-18 10:25:02 -   - Assigned Date: '2024-11-14'
2024-11-18 10:25:02 -   - Due Date: '2024-11-15'
2024-11-18 10:25:02 -   - Current Status: 'Pending'
2024-11-18 10:25:02 -   - Total Hours : 'None'
2024-11-18 10:25:02 -   - Pending Hours: 'None'
2024-11-18 10:25:02 -   - Completed Hours: 'None'
2024-11-18 10:25:02 - 
2024-11-18 10:25:02 - Please update the status of this task at your earliest convenience.
2024-11-18 10:25:02 - ------------------------------------------------------------
2024-11-18 10:25:02 - End of Check-In Reminder
2024-11-18 10:25:02 - ============================================================


2024-11-18 10:25:02 - 

======================= Raw Task Data =======================
2024-11-18 10:25:02 - Task(19,4,1,food prep,design for cutie wedding,2024-11-14,2024-11-15,Pending,None,None,None,None)
2024-11-18 10:25:02 - ============================================================


2024-11-18 10:25:02 - 

===================== Progress Check-In =====================
2024-11-18 10:25:02 - Subject: Task 'food prep' In Progress - Status Update Required
2024-11-18 10:25:02 - ------------------------------------------------------------
2024-11-18 10:25:02 - Dear Team,
2024-11-18 10:25:02 - 
2024-11-18 10:25:02 - We noticed that the task 'food prep' is currently in progress.
2024-11-18 10:25:02 - Task Details:
2024-11-18 10:25:02 -   - Description: 'design for xyz wedding'
2024-11-18 10:25:02 -   - Assigned Date: '2024-11-14'
2024-11-18 10:25:02 -   - Due Date: '2024-11-15'
2024-11-18 10:25:02 -   - Current Status: 'Pending'
2024-11-18 10:25:02 -   - Total Hours : 'None'
2024-11-18 10:25:02 -   - Pending Hours: 'None'
2024-11-18 10:25:02 -   - Completed Hours: 'None'
2024-11-18 10:25:02 - 
2024-11-18 10:25:02 - Please update the status of this task at your earliest convenience.
2024-11-18 10:25:02 - ------------------------------------------------------------
2024-11-18 10:25:02 - End of Check-In Reminder
2024-11-18 10:25:02 - ============================================================


2024-11-18 10:25:02 - 

======================= Raw Task Data =======================
2024-11-18 10:25:02 - Task(20,5,1,food prep,design for xyz wedding,2024-11-14,2024-11-15,Pending,None,None,None,None)
2024-11-18 10:25:02 - ============================================================


2024-11-18 10:25:02 - 

===================== Progress Check-In =====================
2024-11-18 10:25:02 - Subject: Task 'food prep' In Progress - Status Update Required
2024-11-18 10:25:02 - ------------------------------------------------------------
2024-11-18 10:25:02 - Dear Team,
2024-11-18 10:25:02 - 
2024-11-18 10:25:02 - We noticed that the task 'food prep' is currently in progress.
2024-11-18 10:25:02 - Task Details:
2024-11-18 10:25:02 -   - Description: 'design for xyz wedding'
2024-11-18 10:25:02 -   - Assigned Date: '2024-11-14'
2024-11-18 10:25:02 -   - Due Date: '2024-11-15'
2024-11-18 10:25:02 -   - Current Status: 'Pending'
2024-11-18 10:25:02 -   - Total Hours : 'None'
2024-11-18 10:25:02 -   - Pending Hours: 'None'
2024-11-18 10:25:02 -   - Completed Hours: 'None'
2024-11-18 10:25:02 - 
2024-11-18 10:25:02 - Please update the status of this task at your earliest convenience.
2024-11-18 10:25:02 - ------------------------------------------------------------
2024-11-18 10:25:02 - End of Check-In Reminder
2024-11-18 10:25:02 - ============================================================


2024-11-18 10:25:02 - 

======================= Raw Task Data =======================
2024-11-18 10:25:02 - Task(21,5,1,food prep,design for xyz wedding,2024-11-14,2024-11-15,Pending,None,None,None,Some(vendor not pick up call))
2024-11-18 10:25:02 - ============================================================


2024-11-19 02:18:59 - 

===================== Progress Check-In =====================
2024-11-19 02:18:59 - Subject: Task 'food prep' In Progress - Status Update Required
2024-11-19 02:18:59 - ------------------------------------------------------------
2024-11-19 02:18:59 - Dear Team,
2024-11-19 02:18:59 - 
2024-11-19 02:18:59 - We noticed that the task 'food prep' is currently in progress.
2024-11-19 02:18:59 - Task Details:
2024-11-19 02:18:59 -   - Description: 'prepare menu for sweety wedding non veg'
2024-11-19 02:18:59 -   - Assigned Date: '2024-11-14'
2024-11-19 02:18:59 -   - Due Date: '2024-11-20'
2024-11-19 02:18:59 -   - Current Status: 'Pending'
2024-11-19 02:18:59 -   - Total Hours : 'None'
2024-11-19 02:18:59 -   - Pending Hours: 'None'
2024-11-19 02:18:59 -   - Completed Hours: 'None'
2024-11-19 02:18:59 - 
2024-11-19 02:18:59 - Please update the status of this task at your earliest convenience.
2024-11-19 02:18:59 - ------------------------------------------------------------
2024-11-19 02:18:59 - End of Check-In Reminder
2024-11-19 02:18:59 - ============================================================


2024-11-19 02:18:59 - 

======================= Raw Task Data =======================
2024-11-19 02:18:59 - Task(1,1,1,food prep,prepare menu for sweety wedding non veg,2024-11-14,2024-11-20,Pending,None,None,None,None)
2024-11-19 02:18:59 - ============================================================


2024-11-19 02:18:59 - 

===================== Progress Check-In =====================
2024-11-19 02:18:59 - Subject: Task 'music prep' In Progress - Status Update Required
2024-11-19 02:18:59 - ------------------------------------------------------------
2024-11-19 02:18:59 - Dear Team,
2024-11-19 02:18:59 - 
2024-11-19 02:18:59 - We noticed that the task 'music prep' is currently in progress.
2024-11-19 02:18:59 - Task Details:
2024-11-19 02:18:59 -   - Description: 'prepare playlist for Cherry wedding'
2024-11-19 02:18:59 -   - Assigned Date: '2024-11-14'
2024-11-19 02:18:59 -   - Due Date: '2024-11-20'
2024-11-19 02:18:59 -   - Current Status: 'Pending'
2024-11-19 02:18:59 -   - Total Hours : 'None'
2024-11-19 02:18:59 -   - Pending Hours: 'None'
2024-11-19 02:18:59 -   - Completed Hours: 'None'
2024-11-19 02:18:59 - 
2024-11-19 02:18:59 - Please update the status of this task at your earliest convenience.
2024-11-19 02:18:59 - ------------------------------------------------------------
2024-11-19 02:18:59 - End of Check-In Reminder
2024-11-19 02:18:59 - ============================================================


2024-11-19 02:18:59 - 

======================= Raw Task Data =======================
2024-11-19 02:18:59 - Task(2,2,1,music prep,prepare playlist for Cherry wedding,2024-11-14,2024-11-20,Pending,None,None,None,None)
2024-11-19 02:18:59 - ============================================================


2024-11-19 02:18:59 - 

===================== Progress Check-In =====================
2024-11-19 02:18:59 - Subject: Task 'Decoration prep' In Progress - Status Update Required
2024-11-19 02:18:59 - ------------------------------------------------------------
2024-11-19 02:18:59 - Dear Team,
2024-11-19 02:18:59 - 
2024-11-19 02:18:59 - We noticed that the task 'Decoration prep' is currently in progress.
2024-11-19 02:18:59 - Task Details:
2024-11-19 02:18:59 -   - Description: 'design for Cherry wedding'
2024-11-19 02:18:59 -   - Assigned Date: '2024-11-14'
2024-11-19 02:18:59 -   - Due Date: '2024-11-20'
2024-11-19 02:18:59 -   - Current Status: 'Pending'
2024-11-19 02:18:59 -   - Total Hours : 'None'
2024-11-19 02:18:59 -   - Pending Hours: 'None'
2024-11-19 02:18:59 -   - Completed Hours: 'None'
2024-11-19 02:18:59 - 
2024-11-19 02:18:59 - Please update the status of this task at your earliest convenience.
2024-11-19 02:18:59 - ------------------------------------------------------------
2024-11-19 02:18:59 - End of Check-In Reminder
2024-11-19 02:18:59 - ============================================================


2024-11-19 02:18:59 - 

======================= Raw Task Data =======================
2024-11-19 02:18:59 - Task(3,2,1,Decoration prep,design for Cherry wedding,2024-11-14,2024-11-20,Pending,None,None,None,None)
2024-11-19 02:18:59 - ============================================================


2024-11-19 02:18:59 - 

===================== Progress Check-In =====================
2024-11-19 02:18:59 - Subject: Task 'Decoration prep' In Progress - Status Update Required
2024-11-19 02:18:59 - ------------------------------------------------------------
2024-11-19 02:18:59 - Dear Team,
2024-11-19 02:18:59 - 
2024-11-19 02:18:59 - We noticed that the task 'Decoration prep' is currently in progress.
2024-11-19 02:18:59 - Task Details:
2024-11-19 02:18:59 -   - Description: 'design for Cherry wedding'
2024-11-19 02:18:59 -   - Assigned Date: '2024-11-14'
2024-11-19 02:18:59 -   - Due Date: '2024-11-20'
2024-11-19 02:18:59 -   - Current Status: 'Pending'
2024-11-19 02:18:59 -   - Total Hours : 'None'
2024-11-19 02:18:59 -   - Pending Hours: 'None'
2024-11-19 02:18:59 -   - Completed Hours: 'None'
2024-11-19 02:18:59 - 
2024-11-19 02:18:59 - Please update the status of this task at your earliest convenience.
2024-11-19 02:18:59 - ------------------------------------------------------------
2024-11-19 02:18:59 - End of Check-In Reminder
2024-11-19 02:18:59 - ============================================================


2024-11-19 02:18:59 - 

======================= Raw Task Data =======================
2024-11-19 02:18:59 - Task(4,2,1,Decoration prep,design for Cherry wedding,2024-11-14,2024-11-20,Pending,None,None,None,None)
2024-11-19 02:18:59 - ============================================================


2024-11-19 02:18:59 - 

===================== Progress Check-In =====================
2024-11-19 02:18:59 - Subject: Task 'Decoration prep' In Progress - Status Update Required
2024-11-19 02:18:59 - ------------------------------------------------------------
2024-11-19 02:18:59 - Dear Team,
2024-11-19 02:18:59 - 
2024-11-19 02:18:59 - We noticed that the task 'Decoration prep' is currently in progress.
2024-11-19 02:18:59 - Task Details:
2024-11-19 02:18:59 -   - Description: 'design for Cherry wedding'
2024-11-19 02:18:59 -   - Assigned Date: '2024-11-14'
2024-11-19 02:18:59 -   - Due Date: '2024-11-20'
2024-11-19 02:18:59 -   - Current Status: 'Pending'
2024-11-19 02:18:59 -   - Total Hours : 'None'
2024-11-19 02:18:59 -   - Pending Hours: 'None'
2024-11-19 02:18:59 -   - Completed Hours: 'None'
2024-11-19 02:18:59 - 
2024-11-19 02:18:59 - Please update the status of this task at your earliest convenience.
2024-11-19 02:18:59 - ------------------------------------------------------------
2024-11-19 02:18:59 - End of Check-In Reminder
2024-11-19 02:18:59 - ============================================================


2024-11-19 02:18:59 - 

======================= Raw Task Data =======================
2024-11-19 02:18:59 - Task(5,2,1,Decoration prep,design for Cherry wedding,2024-11-14,2024-11-20,Pending,None,None,None,None)
2024-11-19 02:18:59 - ============================================================


2024-11-19 02:18:59 - 

===================== Progress Check-In =====================
2024-11-19 02:18:59 - Subject: Task 'Decoration prep' In Progress - Status Update Required
2024-11-19 02:18:59 - ------------------------------------------------------------
2024-11-19 02:18:59 - Dear Team,
2024-11-19 02:18:59 - 
2024-11-19 02:18:59 - We noticed that the task 'Decoration prep' is currently in progress.
2024-11-19 02:18:59 - Task Details:
2024-11-19 02:18:59 -   - Description: 'design for Cherry wedding'
2024-11-19 02:18:59 -   - Assigned Date: '2024-11-14'
2024-11-19 02:18:59 -   - Due Date: '2024-11-20'
2024-11-19 02:18:59 -   - Current Status: 'Pending'
2024-11-19 02:18:59 -   - Total Hours : 'None'
2024-11-19 02:18:59 -   - Pending Hours: 'None'
2024-11-19 02:18:59 -   - Completed Hours: 'None'
2024-11-19 02:18:59 - 
2024-11-19 02:18:59 - Please update the status of this task at your earliest convenience.
2024-11-19 02:18:59 - ------------------------------------------------------------
2024-11-19 02:18:59 - End of Check-In Reminder
2024-11-19 02:18:59 - ============================================================


2024-11-19 02:18:59 - 

======================= Raw Task Data =======================
2024-11-19 02:18:59 - Task(6,2,1,Decoration prep,design for Cherry wedding,2024-11-14,2024-11-20,Pending,None,None,None,None)
2024-11-19 02:18:59 - ============================================================


2024-11-19 02:18:59 - 

===================== Progress Check-In =====================
2024-11-19 02:18:59 - Subject: Task 'Decoration prep' In Progress - Status Update Required
2024-11-19 02:18:59 - ------------------------------------------------------------
2024-11-19 02:18:59 - Dear Team,
2024-11-19 02:18:59 - 
2024-11-19 02:18:59 - We noticed that the task 'Decoration prep' is currently in progress.
2024-11-19 02:18:59 - Task Details:
2024-11-19 02:18:59 -   - Description: 'design for Cherry wedding'
2024-11-19 02:18:59 -   - Assigned Date: '2024-11-14'
2024-11-19 02:18:59 -   - Due Date: '2024-11-20'
2024-11-19 02:18:59 -   - Current Status: 'Pending'
2024-11-19 02:18:59 -   - Total Hours : 'None'
2024-11-19 02:18:59 -   - Pending Hours: 'None'
2024-11-19 02:18:59 -   - Completed Hours: 'None'
2024-11-19 02:18:59 - 
2024-11-19 02:18:59 - Please update the status of this task at your earliest convenience.
2024-11-19 02:18:59 - ------------------------------------------------------------
2024-11-19 02:18:59 - End of Check-In Reminder
2024-11-19 02:18:59 - ============================================================


2024-11-19 02:18:59 - 

======================= Raw Task Data =======================
2024-11-19 02:18:59 - Task(7,2,1,Decoration prep,design for Cherry wedding,2024-11-14,2024-11-20,Pending,None,None,None,None)
2024-11-19 02:18:59 - ============================================================


2024-11-19 02:18:59 - 

===================== Progress Check-In =====================
2024-11-19 02:18:59 - Subject: Task 'Decoration prep' In Progress - Status Update Required
2024-11-19 02:18:59 - ------------------------------------------------------------
2024-11-19 02:18:59 - Dear Team,
2024-11-19 02:18:59 - 
2024-11-19 02:18:59 - We noticed that the task 'Decoration prep' is currently in progress.
2024-11-19 02:18:59 - Task Details:
2024-11-19 02:18:59 -   - Description: 'design for Cherry wedding'
2024-11-19 02:18:59 -   - Assigned Date: '2024-11-14'
2024-11-19 02:18:59 -   - Due Date: '2024-11-20'
2024-11-19 02:18:59 -   - Current Status: 'Pending'
2024-11-19 02:18:59 -   - Total Hours : 'None'
2024-11-19 02:18:59 -   - Pending Hours: 'None'
2024-11-19 02:18:59 -   - Completed Hours: 'None'
2024-11-19 02:18:59 - 
2024-11-19 02:18:59 - Please update the status of this task at your earliest convenience.
2024-11-19 02:18:59 - ------------------------------------------------------------
2024-11-19 02:18:59 - End of Check-In Reminder
2024-11-19 02:18:59 - ============================================================


2024-11-19 02:18:59 - 

======================= Raw Task Data =======================
2024-11-19 02:18:59 - Task(8,2,1,Decoration prep,design for Cherry wedding,2024-11-14,2024-11-20,Pending,None,None,None,None)
2024-11-19 02:18:59 - ============================================================


2024-11-19 02:18:59 - 

===================== Progress Check-In =====================
2024-11-19 02:18:59 - Subject: Task 'Decoration prep' In Progress - Status Update Required
2024-11-19 02:18:59 - ------------------------------------------------------------
2024-11-19 02:18:59 - Dear Team,
2024-11-19 02:18:59 - 
2024-11-19 02:18:59 - We noticed that the task 'Decoration prep' is currently in progress.
2024-11-19 02:18:59 - Task Details:
2024-11-19 02:18:59 -   - Description: 'design for Cherry wedding'
2024-11-19 02:18:59 -   - Assigned Date: '2024-11-14'
2024-11-19 02:18:59 -   - Due Date: '2024-11-20'
2024-11-19 02:18:59 -   - Current Status: 'Pending'
2024-11-19 02:18:59 -   - Total Hours : 'None'
2024-11-19 02:18:59 -   - Pending Hours: 'None'
2024-11-19 02:18:59 -   - Completed Hours: 'None'
2024-11-19 02:18:59 - 
2024-11-19 02:18:59 - Please update the status of this task at your earliest convenience.
2024-11-19 02:18:59 - ------------------------------------------------------------
2024-11-19 02:18:59 - End of Check-In Reminder
2024-11-19 02:18:59 - ============================================================


2024-11-19 02:18:59 - 

======================= Raw Task Data =======================
2024-11-19 02:18:59 - Task(9,2,1,Decoration prep,design for Cherry wedding,2024-11-14,2024-11-20,Pending,None,None,None,None)
2024-11-19 02:18:59 - ============================================================


2024-11-19 02:18:59 - 

===================== Progress Check-In =====================
2024-11-19 02:18:59 - Subject: Task 'Decoration prep' In Progress - Status Update Required
2024-11-19 02:18:59 - ------------------------------------------------------------
2024-11-19 02:18:59 - Dear Team,
2024-11-19 02:18:59 - 
2024-11-19 02:18:59 - We noticed that the task 'Decoration prep' is currently in progress.
2024-11-19 02:18:59 - Task Details:
2024-11-19 02:18:59 -   - Description: 'design for Cherry wedding'
2024-11-19 02:18:59 -   - Assigned Date: '2024-11-14'
2024-11-19 02:18:59 -   - Due Date: '2024-11-16'
2024-11-19 02:18:59 -   - Current Status: 'Pending'
2024-11-19 02:18:59 -   - Total Hours : 'None'
2024-11-19 02:18:59 -   - Pending Hours: 'None'
2024-11-19 02:18:59 -   - Completed Hours: 'None'
2024-11-19 02:18:59 - 
2024-11-19 02:18:59 - Please update the status of this task at your earliest convenience.
2024-11-19 02:18:59 - ------------------------------------------------------------
2024-11-19 02:18:59 - End of Check-In Reminder
2024-11-19 02:18:59 - ============================================================


2024-11-19 02:18:59 - 

======================= Raw Task Data =======================
2024-11-19 02:18:59 - Task(10,2,1,Decoration prep,design for Cherry wedding,2024-11-14,2024-11-16,Pending,None,None,None,None)
2024-11-19 02:18:59 - ============================================================


2024-11-19 02:18:59 - 

===================== Progress Check-In =====================
2024-11-19 02:18:59 - Subject: Task 'Decoration prep' In Progress - Status Update Required
2024-11-19 02:18:59 - ------------------------------------------------------------
2024-11-19 02:18:59 - Dear Team,
2024-11-19 02:18:59 - 
2024-11-19 02:18:59 - We noticed that the task 'Decoration prep' is currently in progress.
2024-11-19 02:18:59 - Task Details:
2024-11-19 02:18:59 -   - Description: 'design for Cherry wedding'
2024-11-19 02:18:59 -   - Assigned Date: '2024-11-14'
2024-11-19 02:18:59 -   - Due Date: '2024-11-16'
2024-11-19 02:18:59 -   - Current Status: 'Pending'
2024-11-19 02:18:59 -   - Total Hours : 'None'
2024-11-19 02:18:59 -   - Pending Hours: 'None'
2024-11-19 02:18:59 -   - Completed Hours: 'None'
2024-11-19 02:18:59 - 
2024-11-19 02:18:59 - Please update the status of this task at your earliest convenience.
2024-11-19 02:18:59 - ------------------------------------------------------------
2024-11-19 02:18:59 - End of Check-In Reminder
2024-11-19 02:18:59 - ============================================================


2024-11-19 02:18:59 - 

======================= Raw Task Data =======================
2024-11-19 02:18:59 - Task(11,2,1,Decoration prep,design for Cherry wedding,2024-11-14,2024-11-16,Pending,None,None,None,None)
2024-11-19 02:18:59 - ============================================================


2024-11-19 02:18:59 - 

===================== Progress Check-In =====================
2024-11-19 02:18:59 - Subject: Task 'Decoration prep' In Progress - Status Update Required
2024-11-19 02:18:59 - ------------------------------------------------------------
2024-11-19 02:18:59 - Dear Team,
2024-11-19 02:18:59 - 
2024-11-19 02:18:59 - We noticed that the task 'Decoration prep' is currently in progress.
2024-11-19 02:18:59 - Task Details:
2024-11-19 02:18:59 -   - Description: 'design for Cherry wedding'
2024-11-19 02:18:59 -   - Assigned Date: '2024-11-14'
2024-11-19 02:18:59 -   - Due Date: '2024-11-16'
2024-11-19 02:18:59 -   - Current Status: 'Pending'
2024-11-19 02:18:59 -   - Total Hours : 'None'
2024-11-19 02:18:59 -   - Pending Hours: 'None'
2024-11-19 02:18:59 -   - Completed Hours: 'None'
2024-11-19 02:18:59 - 
2024-11-19 02:18:59 - Please update the status of this task at your earliest convenience.
2024-11-19 02:18:59 - ------------------------------------------------------------
2024-11-19 02:18:59 - End of Check-In Reminder
2024-11-19 02:18:59 - ============================================================


2024-11-19 02:18:59 - 

======================= Raw Task Data =======================
2024-11-19 02:18:59 - Task(12,2,1,Decoration prep,design for Cherry wedding,2024-11-14,2024-11-16,Pending,None,None,None,None)
2024-11-19 02:18:59 - ============================================================


2024-11-19 02:18:59 - 

===================== Progress Check-In =====================
2024-11-19 02:18:59 - Subject: Task 'Decoration prep' In Progress - Status Update Required
2024-11-19 02:18:59 - ------------------------------------------------------------
2024-11-19 02:18:59 - Dear Team,
2024-11-19 02:18:59 - 
2024-11-19 02:18:59 - We noticed that the task 'Decoration prep' is currently in progress.
2024-11-19 02:18:59 - Task Details:
2024-11-19 02:18:59 -   - Description: 'design for Cherry wedding'
2024-11-19 02:18:59 -   - Assigned Date: '2024-11-14'
2024-11-19 02:18:59 -   - Due Date: '2024-11-16'
2024-11-19 02:18:59 -   - Current Status: 'Pending'
2024-11-19 02:18:59 -   - Total Hours : 'None'
2024-11-19 02:18:59 -   - Pending Hours: 'None'
2024-11-19 02:18:59 -   - Completed Hours: 'None'
2024-11-19 02:18:59 - 
2024-11-19 02:18:59 - Please update the status of this task at your earliest convenience.
2024-11-19 02:18:59 - ------------------------------------------------------------
2024-11-19 02:18:59 - End of Check-In Reminder
2024-11-19 02:18:59 - ============================================================


2024-11-19 02:18:59 - 

======================= Raw Task Data =======================
2024-11-19 02:18:59 - Task(13,2,1,Decoration prep,design for Cherry wedding,2024-11-14,2024-11-16,Pending,None,None,None,None)
2024-11-19 02:18:59 - ============================================================


2024-11-19 02:18:59 - 

===================== Progress Check-In =====================
2024-11-19 02:18:59 - Subject: Task 'Decoration prep' In Progress - Status Update Required
2024-11-19 02:18:59 - ------------------------------------------------------------
2024-11-19 02:18:59 - Dear Team,
2024-11-19 02:18:59 - 
2024-11-19 02:18:59 - We noticed that the task 'Decoration prep' is currently in progress.
2024-11-19 02:18:59 - Task Details:
2024-11-19 02:18:59 -   - Description: 'design for Cherry wedding'
2024-11-19 02:18:59 -   - Assigned Date: '2024-11-14'
2024-11-19 02:18:59 -   - Due Date: '2024-11-16'
2024-11-19 02:18:59 -   - Current Status: 'Pending'
2024-11-19 02:18:59 -   - Total Hours : 'None'
2024-11-19 02:18:59 -   - Pending Hours: 'None'
2024-11-19 02:18:59 -   - Completed Hours: 'None'
2024-11-19 02:18:59 - 
2024-11-19 02:18:59 - Please update the status of this task at your earliest convenience.
2024-11-19 02:18:59 - ------------------------------------------------------------
2024-11-19 02:18:59 - End of Check-In Reminder
2024-11-19 02:18:59 - ============================================================


2024-11-19 02:18:59 - 

======================= Raw Task Data =======================
2024-11-19 02:18:59 - Task(14,2,1,Decoration prep,design for Cherry wedding,2024-11-14,2024-11-16,Pending,None,None,None,None)
2024-11-19 02:18:59 - ============================================================


2024-11-19 02:18:59 - 

===================== Progress Check-In =====================
2024-11-19 02:18:59 - Subject: Task 'Decoration prep' In Progress - Status Update Required
2024-11-19 02:18:59 - ------------------------------------------------------------
2024-11-19 02:18:59 - Dear Team,
2024-11-19 02:18:59 - 
2024-11-19 02:18:59 - We noticed that the task 'Decoration prep' is currently in progress.
2024-11-19 02:18:59 - Task Details:
2024-11-19 02:18:59 -   - Description: 'design for Cherry wedding'
2024-11-19 02:18:59 -   - Assigned Date: '2024-11-14'
2024-11-19 02:18:59 -   - Due Date: '2024-11-16'
2024-11-19 02:18:59 -   - Current Status: 'Pending'
2024-11-19 02:18:59 -   - Total Hours : 'None'
2024-11-19 02:18:59 -   - Pending Hours: 'None'
2024-11-19 02:18:59 -   - Completed Hours: 'None'
2024-11-19 02:18:59 - 
2024-11-19 02:18:59 - Please update the status of this task at your earliest convenience.
2024-11-19 02:18:59 - ------------------------------------------------------------
2024-11-19 02:18:59 - End of Check-In Reminder
2024-11-19 02:18:59 - ============================================================


2024-11-19 02:18:59 - 

======================= Raw Task Data =======================
2024-11-19 02:18:59 - Task(15,2,1,Decoration prep,design for Cherry wedding,2024-11-14,2024-11-16,Pending,None,None,None,None)
2024-11-19 02:18:59 - ============================================================


2024-11-19 02:18:59 - 

===================== Progress Check-In =====================
2024-11-19 02:18:59 - Subject: Task 'Decoration prep' In Progress - Status Update Required
2024-11-19 02:18:59 - ------------------------------------------------------------
2024-11-19 02:18:59 - Dear Team,
2024-11-19 02:18:59 - 
2024-11-19 02:18:59 - We noticed that the task 'Decoration prep' is currently in progress.
2024-11-19 02:18:59 - Task Details:
2024-11-19 02:18:59 -   - Description: 'design for cutie wedding'
2024-11-19 02:18:59 -   - Assigned Date: '2024-11-14'
2024-11-19 02:18:59 -   - Due Date: '2024-11-15'
2024-11-19 02:18:59 -   - Current Status: 'Pending'
2024-11-19 02:18:59 -   - Total Hours : 'None'
2024-11-19 02:18:59 -   - Pending Hours: 'None'
2024-11-19 02:18:59 -   - Completed Hours: 'None'
2024-11-19 02:18:59 - 
2024-11-19 02:18:59 - Please update the status of this task at your earliest convenience.
2024-11-19 02:18:59 - ------------------------------------------------------------
2024-11-19 02:18:59 - End of Check-In Reminder
2024-11-19 02:18:59 - ============================================================


2024-11-19 02:18:59 - 

======================= Raw Task Data =======================
2024-11-19 02:18:59 - Task(18,4,1,Decoration prep,design for cutie wedding,2024-11-14,2024-11-15,Pending,None,None,None,None)
2024-11-19 02:18:59 - ============================================================


2024-11-19 02:18:59 - 

===================== Progress Check-In =====================
2024-11-19 02:18:59 - Subject: Task 'food prep' In Progress - Status Update Required
2024-11-19 02:18:59 - ------------------------------------------------------------
2024-11-19 02:18:59 - Dear Team,
2024-11-19 02:18:59 - 
2024-11-19 02:18:59 - We noticed that the task 'food prep' is currently in progress.
2024-11-19 02:18:59 - Task Details:
2024-11-19 02:18:59 -   - Description: 'design for cutie wedding'
2024-11-19 02:18:59 -   - Assigned Date: '2024-11-14'
2024-11-19 02:18:59 -   - Due Date: '2024-11-15'
2024-11-19 02:18:59 -   - Current Status: 'Pending'
2024-11-19 02:18:59 -   - Total Hours : 'None'
2024-11-19 02:18:59 -   - Pending Hours: 'None'
2024-11-19 02:18:59 -   - Completed Hours: 'None'
2024-11-19 02:18:59 - 
2024-11-19 02:18:59 - Please update the status of this task at your earliest convenience.
2024-11-19 02:18:59 - ------------------------------------------------------------
2024-11-19 02:18:59 - End of Check-In Reminder
2024-11-19 02:18:59 - ============================================================


2024-11-19 02:18:59 - 

======================= Raw Task Data =======================
2024-11-19 02:18:59 - Task(19,4,1,food prep,design for cutie wedding,2024-11-14,2024-11-15,Pending,None,None,None,None)
2024-11-19 02:18:59 - ============================================================


2024-11-19 02:18:59 - 

===================== Progress Check-In =====================
2024-11-19 02:18:59 - Subject: Task 'food prep' In Progress - Status Update Required
2024-11-19 02:18:59 - ------------------------------------------------------------
2024-11-19 02:18:59 - Dear Team,
2024-11-19 02:18:59 - 
2024-11-19 02:18:59 - We noticed that the task 'food prep' is currently in progress.
2024-11-19 02:18:59 - Task Details:
2024-11-19 02:18:59 -   - Description: 'design for xyz wedding'
2024-11-19 02:18:59 -   - Assigned Date: '2024-11-14'
2024-11-19 02:18:59 -   - Due Date: '2024-11-15'
2024-11-19 02:18:59 -   - Current Status: 'Pending'
2024-11-19 02:18:59 -   - Total Hours : 'None'
2024-11-19 02:18:59 -   - Pending Hours: 'None'
2024-11-19 02:18:59 -   - Completed Hours: 'None'
2024-11-19 02:18:59 - 
2024-11-19 02:18:59 - Please update the status of this task at your earliest convenience.
2024-11-19 02:18:59 - ------------------------------------------------------------
2024-11-19 02:18:59 - End of Check-In Reminder
2024-11-19 02:18:59 - ============================================================


2024-11-19 02:18:59 - 

======================= Raw Task Data =======================
2024-11-19 02:18:59 - Task(20,5,1,food prep,design for xyz wedding,2024-11-14,2024-11-15,Pending,None,None,None,None)
2024-11-19 02:18:59 - ============================================================


2024-11-19 02:18:59 - 

===================== Progress Check-In =====================
2024-11-19 02:18:59 - Subject: Task 'food prep' In Progress - Status Update Required
2024-11-19 02:18:59 - ------------------------------------------------------------
2024-11-19 02:18:59 - Dear Team,
2024-11-19 02:18:59 - 
2024-11-19 02:18:59 - We noticed that the task 'food prep' is currently in progress.
2024-11-19 02:18:59 - Task Details:
2024-11-19 02:18:59 -   - Description: 'design for xyz wedding'
2024-11-19 02:18:59 -   - Assigned Date: '2024-11-14'
2024-11-19 02:18:59 -   - Due Date: '2024-11-15'
2024-11-19 02:18:59 -   - Current Status: 'Pending'
2024-11-19 02:18:59 -   - Total Hours : 'None'
2024-11-19 02:18:59 -   - Pending Hours: 'None'
2024-11-19 02:18:59 -   - Completed Hours: 'None'
2024-11-19 02:18:59 - 
2024-11-19 02:18:59 - Please update the status of this task at your earliest convenience.
2024-11-19 02:18:59 - ------------------------------------------------------------
2024-11-19 02:18:59 - End of Check-In Reminder
2024-11-19 02:18:59 - ============================================================


2024-11-19 02:18:59 - 

======================= Raw Task Data =======================
2024-11-19 02:18:59 - Task(21,5,1,food prep,design for xyz wedding,2024-11-14,2024-11-15,Pending,None,None,None,Some(vendor not pick up call))
2024-11-19 02:18:59 - ============================================================


